  Cart.cpp
F:\Projects\OOP\Quiz 4 lab\Cart.h(1,10): warning C4067: unexpected tokens following preprocessor directive - expected a newline
  (compiling source file 'Cart.cpp')
  
F:\Projects\OOP\Quiz 4 lab\Cart.h(41,10): error C2143: syntax error: missing ';' before '*'
  (compiling source file 'Cart.cpp')
  
F:\Projects\OOP\Quiz 4 lab\Cart.h(41,23): error C2238: unexpected token(s) preceding ';'
  (compiling source file 'Cart.cpp')
  
F:\Projects\OOP\Quiz 4 lab\Cart.h(10,3): error C2065: 'item_list': undeclared identifier
  (compiling source file 'Cart.cpp')
  
F:\Projects\OOP\Quiz 4 lab\Cart.h(18,3): error C2065: 'item_list': undeclared identifier
  (compiling source file 'Cart.cpp')
  
F:\Projects\OOP\Quiz 4 lab\Cart.h(25,13): error C2065: 'item_list': undeclared identifier
  (compiling source file 'Cart.cpp')
  
F:\Projects\OOP\Quiz 4 lab\Cart.h(26,17): error C2065: 'item_list': undeclared identifier
  (compiling source file 'Cart.cpp')
  
F:\Projects\OOP\Quiz 4 lab\Cart.h(26,52): error C2065: 'item_list': undeclared identifier
  (compiling source file 'Cart.cpp')
  
F:\Projects\OOP\Quiz 4 lab\Cart.h(33,3): error C2065: 'item_list': undeclared identifier
  (compiling source file 'Cart.cpp')
  
F:\Projects\OOP\Quiz 4 lab\Cart.h(35,4): error C2065: 'item_list': undeclared identifier
  (compiling source file 'Cart.cpp')
  
F:\Projects\OOP\Quiz 4 lab\Cart.h(35,25): error C2039: 'item_list': is not a member of 'Cart'
  (compiling source file 'Cart.cpp')
      F:\Projects\OOP\Quiz 4 lab\Cart.h(2,7):
      see declaration of 'Cart'
  
  Item.cpp
  Quiz 4 lab.cpp
F:\Projects\OOP\Quiz 4 lab\Cart.h(1,10): warning C4067: unexpected tokens following preprocessor directive - expected a newline
  (compiling source file 'Quiz%204%20lab.cpp')
  
F:\Projects\OOP\Quiz 4 lab\Cart.h(41,10): error C2143: syntax error: missing ';' before '*'
  (compiling source file 'Quiz%204%20lab.cpp')
  
F:\Projects\OOP\Quiz 4 lab\Cart.h(41,23): error C2238: unexpected token(s) preceding ';'
  (compiling source file 'Quiz%204%20lab.cpp')
  
F:\Projects\OOP\Quiz 4 lab\Cart.h(10,3): error C2065: 'item_list': undeclared identifier
  (compiling source file 'Quiz%204%20lab.cpp')
  
F:\Projects\OOP\Quiz 4 lab\Cart.h(18,3): error C2065: 'item_list': undeclared identifier
  (compiling source file 'Quiz%204%20lab.cpp')
  
F:\Projects\OOP\Quiz 4 lab\Cart.h(25,13): error C2065: 'item_list': undeclared identifier
  (compiling source file 'Quiz%204%20lab.cpp')
  
F:\Projects\OOP\Quiz 4 lab\Cart.h(26,17): error C2065: 'item_list': undeclared identifier
  (compiling source file 'Quiz%204%20lab.cpp')
  
F:\Projects\OOP\Quiz 4 lab\Cart.h(26,52): error C2065: 'item_list': undeclared identifier
  (compiling source file 'Quiz%204%20lab.cpp')
  
F:\Projects\OOP\Quiz 4 lab\Cart.h(33,3): error C2065: 'item_list': undeclared identifier
  (compiling source file 'Quiz%204%20lab.cpp')
  
F:\Projects\OOP\Quiz 4 lab\Cart.h(35,4): error C2065: 'item_list': undeclared identifier
  (compiling source file 'Quiz%204%20lab.cpp')
  
F:\Projects\OOP\Quiz 4 lab\Cart.h(35,25): error C2039: 'item_list': is not a member of 'Cart'
  (compiling source file 'Quiz%204%20lab.cpp')
      F:\Projects\OOP\Quiz 4 lab\Cart.h(2,7):
      see declaration of 'Cart'
  
  Generating Code...
